
a.elf:     file format elf32-avr

Sections:
Idx Name          Size      VMA       LMA       File off  Algn
  0 .data         00000000  00800100  000000ec  00000180  2**0
                  CONTENTS, ALLOC, LOAD, DATA
  1 .text         000000ec  00000000  00000000  00000094  2**1
                  CONTENTS, ALLOC, LOAD, READONLY, CODE
  2 .bss          00000002  00800100  00800100  00000180  2**0
                  ALLOC
  3 .comment      00000011  00000000  00000000  00000180  2**0
                  CONTENTS, READONLY
  4 .debug_aranges 00000040  00000000  00000000  00000198  2**3
                  CONTENTS, READONLY, DEBUGGING
  5 .debug_info   0000017c  00000000  00000000  000001d8  2**0
                  CONTENTS, READONLY, DEBUGGING
  6 .debug_abbrev 00000028  00000000  00000000  00000354  2**0
                  CONTENTS, READONLY, DEBUGGING
  7 .debug_line   000000b6  00000000  00000000  0000037c  2**0
                  CONTENTS, READONLY, DEBUGGING

Disassembly of section .text:

00000000 <__vectors>:
   0:	0c 94 34 00 	jmp	0x68	; 0x68 <__ctors_end>
   4:	0c 94 46 00 	jmp	0x8c	; 0x8c <__bad_interrupt>
   8:	0c 94 46 00 	jmp	0x8c	; 0x8c <__bad_interrupt>
   c:	0c 94 46 00 	jmp	0x8c	; 0x8c <__bad_interrupt>
  10:	0c 94 46 00 	jmp	0x8c	; 0x8c <__bad_interrupt>
  14:	0c 94 46 00 	jmp	0x8c	; 0x8c <__bad_interrupt>
  18:	0c 94 46 00 	jmp	0x8c	; 0x8c <__bad_interrupt>
  1c:	0c 94 46 00 	jmp	0x8c	; 0x8c <__bad_interrupt>
  20:	0c 94 46 00 	jmp	0x8c	; 0x8c <__bad_interrupt>
  24:	0c 94 46 00 	jmp	0x8c	; 0x8c <__bad_interrupt>
  28:	0c 94 46 00 	jmp	0x8c	; 0x8c <__bad_interrupt>
  2c:	0c 94 46 00 	jmp	0x8c	; 0x8c <__bad_interrupt>
  30:	0c 94 46 00 	jmp	0x8c	; 0x8c <__bad_interrupt>
  34:	0c 94 46 00 	jmp	0x8c	; 0x8c <__bad_interrupt>
  38:	0c 94 53 00 	jmp	0xa6	; 0xa6 <__vector_14>
  3c:	0c 94 46 00 	jmp	0x8c	; 0x8c <__bad_interrupt>
  40:	0c 94 46 00 	jmp	0x8c	; 0x8c <__bad_interrupt>
  44:	0c 94 46 00 	jmp	0x8c	; 0x8c <__bad_interrupt>
  48:	0c 94 46 00 	jmp	0x8c	; 0x8c <__bad_interrupt>
  4c:	0c 94 46 00 	jmp	0x8c	; 0x8c <__bad_interrupt>
  50:	0c 94 46 00 	jmp	0x8c	; 0x8c <__bad_interrupt>
  54:	0c 94 46 00 	jmp	0x8c	; 0x8c <__bad_interrupt>
  58:	0c 94 46 00 	jmp	0x8c	; 0x8c <__bad_interrupt>
  5c:	0c 94 46 00 	jmp	0x8c	; 0x8c <__bad_interrupt>
  60:	0c 94 46 00 	jmp	0x8c	; 0x8c <__bad_interrupt>
  64:	0c 94 46 00 	jmp	0x8c	; 0x8c <__bad_interrupt>

00000068 <__ctors_end>:
  68:	11 24       	eor	r1, r1
  6a:	1f be       	out	0x3f, r1	; 63
  6c:	cf ef       	ldi	r28, 0xFF	; 255
  6e:	d8 e0       	ldi	r29, 0x08	; 8
  70:	de bf       	out	0x3e, r29	; 62
  72:	cd bf       	out	0x3d, r28	; 61

00000074 <__do_clear_bss>:
  74:	21 e0       	ldi	r18, 0x01	; 1
  76:	a0 e0       	ldi	r26, 0x00	; 0
  78:	b1 e0       	ldi	r27, 0x01	; 1
  7a:	01 c0       	rjmp	.+2      	; 0x7e <.do_clear_bss_start>

0000007c <.do_clear_bss_loop>:
  7c:	1d 92       	st	X+, r1

0000007e <.do_clear_bss_start>:
  7e:	a2 30       	cpi	r26, 0x02	; 2
  80:	b2 07       	cpc	r27, r18
  82:	e1 f7       	brne	.-8      	; 0x7c <.do_clear_bss_loop>
  84:	0e 94 48 00 	call	0x90	; 0x90 <main>
  88:	0c 94 74 00 	jmp	0xe8	; 0xe8 <_exit>

0000008c <__bad_interrupt>:
  8c:	0c 94 00 00 	jmp	0	; 0x0 <__vectors>

00000090 <main>:
  90:	8f ef       	ldi	r24, 0xFF	; 255
  92:	87 b9       	out	0x07, r24	; 7
  94:	82 e8       	ldi	r24, 0x82	; 130
  96:	84 bd       	out	0x24, r24	; 36
  98:	85 e0       	ldi	r24, 0x05	; 5
  9a:	85 bd       	out	0x25, r24	; 37
  9c:	82 e0       	ldi	r24, 0x02	; 2
  9e:	80 93 6e 00 	sts	0x006E, r24
  a2:	78 94       	sei
  a4:	ff cf       	rjmp	.-2      	; 0xa4 <main+0x14>

000000a6 <__vector_14>:
  a6:	1f 92       	push	r1
  a8:	0f 92       	push	r0
  aa:	0f b6       	in	r0, 0x3f	; 63
  ac:	0f 92       	push	r0
  ae:	11 24       	eor	r1, r1
  b0:	8f 93       	push	r24
  b2:	9f 93       	push	r25
  b4:	80 91 00 01 	lds	r24, 0x0100
  b8:	90 91 01 01 	lds	r25, 0x0101
  bc:	01 96       	adiw	r24, 0x01	; 1
  be:	90 93 01 01 	sts	0x0101, r25
  c2:	80 93 00 01 	sts	0x0100, r24
  c6:	85 36       	cpi	r24, 0x65	; 101
  c8:	91 05       	cpc	r25, r1
  ca:	3c f0       	brlt	.+14     	; 0xda <__vector_14+0x34>
  cc:	88 b1       	in	r24, 0x08	; 8
  ce:	80 95       	com	r24
  d0:	88 b9       	out	0x08, r24	; 8
  d2:	10 92 01 01 	sts	0x0101, r1
  d6:	10 92 00 01 	sts	0x0100, r1
  da:	9f 91       	pop	r25
  dc:	8f 91       	pop	r24
  de:	0f 90       	pop	r0
  e0:	0f be       	out	0x3f, r0	; 63
  e2:	0f 90       	pop	r0
  e4:	1f 90       	pop	r1
  e6:	18 95       	reti

000000e8 <_exit>:
  e8:	f8 94       	cli

000000ea <__stop_program>:
  ea:	ff cf       	rjmp	.-2      	; 0xea <__stop_program>
